<?xml version="1.0" encoding="UTF-8" ?>
<testsuite tests="11" failures="0" name="BigIntegerTest" time="0.019" errors="0" skipped="0">
  <properties>
[...]
</properties>
  <testcase classname="BigIntegerTest" name="BigIntegerAdd" time="0.01"/>
  <testcase classname="BigIntegerTest" name="sample" time="0"/>
  <testcase classname="BigIntegerTest" name="BigIntegerRSA256" time="0.001"/>
  <testcase classname="BigIntegerTest" name="BigIntegerRSA512" time="0"/>
  <testcase classname="BigIntegerTest" name="BigIntegerPowerMod" time="0"/>
  <testcase classname="BigIntegerTest" name="signumTest" time="0.001"/>
  <testcase classname="BigIntegerTest" name="negativeTest" time="0.001"/>
  <testcase classname="BigIntegerTest" name="BigIntegerRSA1024" time="0"/>
  <testcase classname="BigIntegerTest" name="BigIntegerRSA2048" time="0.004"/>
  <testcase classname="BigIntegerTest" name="BigIntegerSubtract" time="0.001"/>
  <testcase classname="BigIntegerTest" name="magTest" time="0.001"/>
</testsuite>